Flow report for DE2_115_TV
Wed Apr 17 09:41:21 2019
Quartus Prime Version 18.1.0 Build 625 09/12/2018 SJ Lite Edition


---------------------
; Table of Contents ;
---------------------
  1. Legal Notice
  2. Flow Summary
  3. Flow Settings
  4. Flow Non-Default Global Settings
  5. Flow Elapsed Time
  6. Flow OS Summary
  7. Flow Log
  8. Flow Messages
  9. Flow Suppressed Messages



----------------
; Legal Notice ;
----------------
Copyright (C) 2018  Intel Corporation. All rights reserved.
Your use of Intel Corporation's design tools, logic functions 
and other software and tools, and its AMPP partner logic 
functions, and any output files from any of the foregoing 
(including device programming or simulation files), and any 
associated documentation or information are expressly subject 
to the terms and conditions of the Intel Program License 
Subscription Agreement, the Intel Quartus Prime License Agreement,
the Intel FPGA IP License Agreement, or other applicable license
agreement, including, without limitation, that your use is for
the sole purpose of programming logic devices manufactured by
Intel and sold by Intel or its authorized distributors.  Please
refer to the applicable agreement for further details.



+----------------------------------------------------------------------------------+
; Flow Summary                                                                     ;
+------------------------------------+---------------------------------------------+
; Flow Status                        ; Successful - Wed Apr 17 09:41:13 2019       ;
; Quartus Prime Version              ; 18.1.0 Build 625 09/12/2018 SJ Lite Edition ;
; Revision Name                      ; DE2_115_TV                                  ;
; Top-level Entity Name              ; DE2_115_TV                                  ;
; Family                             ; Cyclone IV E                                ;
; Device                             ; EP4CE115F29C7                               ;
; Timing Models                      ; Final                                       ;
; Total logic elements               ; 1,669 / 114,480 ( 1 % )                     ;
;     Total combinational functions  ; 1,401 / 114,480 ( 1 % )                     ;
;     Dedicated logic registers      ; 1,043 / 114,480 ( < 1 % )                   ;
; Total registers                    ; 1043                                        ;
; Total pins                         ; 436 / 529 ( 82 % )                          ;
; Total virtual pins                 ; 0                                           ;
; Total memory bits                  ; 45,024 / 3,981,312 ( 1 % )                  ;
; Embedded Multiplier 9-bit elements ; 18 / 532 ( 3 % )                            ;
; Total PLLs                         ; 1 / 4 ( 25 % )                              ;
+------------------------------------+---------------------------------------------+


+-----------------------------------------+
; Flow Settings                           ;
+-------------------+---------------------+
; Option            ; Setting             ;
+-------------------+---------------------+
; Start date & time ; 04/17/2019 09:39:47 ;
; Main task         ; Compilation         ;
; Revision Name     ; DE2_115_TV          ;
+-------------------+---------------------+


+-----------------------------------------------------------------------------------------------------------------------------------------------+
; Flow Non-Default Global Settings                                                                                                              ;
+-------------------------------------+--------------------------------------------------------------+---------------+-------------+------------+
; Assignment Name                     ; Value                                                        ; Default Value ; Entity Name ; Section Id ;
+-------------------------------------+--------------------------------------------------------------+---------------+-------------+------------+
; COMPILER_SIGNATURE_ID               ; 233963778419886.155548678606432                              ; --            ; --          ; --         ;
; MAX_CORE_JUNCTION_TEMP              ; 85                                                           ; --            ; --          ; --         ;
; MIN_CORE_JUNCTION_TEMP              ; 0                                                            ; --            ; --          ; --         ;
; MISC_FILE                           ; D:/TRAINING/ASSIGMENT/de2_115_demo/DE2_115_TV/DE2_115_TV.dpf ; --            ; --          ; --         ;
; MISC_FILE                           ; E:/SVN/r3/trunk/ref_design/DE2_115_TV/DE2_115_TV.dpf         ; --            ; --          ; --         ;
; MISC_FILE                           ; E:/DE2_115/trunk/ref_design/DE2_115_TV/DE2_115_TV.dpf        ; --            ; --          ; --         ;
; MISC_FILE                           ; E:/DE2_115_NEW/trunk/ref_design/DE2_115_TV/DE2_115_TV.dpf    ; --            ; --          ; --         ;
; NOMINAL_CORE_SUPPLY_VOLTAGE         ; 1.2V                                                         ; --            ; --          ; --         ;
; PARTITION_COLOR                     ; -- (Not supported for targeted family)                       ; --            ; --          ; Top        ;
; PARTITION_FITTER_PRESERVATION_LEVEL ; -- (Not supported for targeted family)                       ; --            ; --          ; Top        ;
; PARTITION_NETLIST_TYPE              ; -- (Not supported for targeted family)                       ; --            ; --          ; Top        ;
; POWER_BOARD_THERMAL_MODEL           ; None (CONSERVATIVE)                                          ; --            ; --          ; --         ;
; POWER_PRESET_COOLING_SOLUTION       ; 23 MM HEAT SINK WITH 200 LFPM AIRFLOW                        ; --            ; --          ; --         ;
+-------------------------------------+--------------------------------------------------------------+---------------+-------------+------------+


+--------------------------------------------------------------------------------------------------------------------------+
; Flow Elapsed Time                                                                                                        ;
+----------------------+--------------+-------------------------+---------------------+------------------------------------+
; Module Name          ; Elapsed Time ; Average Processors Used ; Peak Virtual Memory ; Total CPU Time (on all processors) ;
+----------------------+--------------+-------------------------+---------------------+------------------------------------+
; Analysis & Synthesis ; 00:00:34     ; 1.0                     ; 4798 MB             ; 00:00:55                           ;
; Fitter               ; 00:00:41     ; 1.0                     ; 5452 MB             ; 00:00:51                           ;
; Assembler            ; 00:00:07     ; 1.0                     ; 4693 MB             ; 00:00:07                           ;
; Timing Analyzer      ; 00:00:07     ; 1.1                     ; 4838 MB             ; 00:00:07                           ;
; Total                ; 00:01:29     ; --                      ; --                  ; 00:02:00                           ;
+----------------------+--------------+-------------------------+---------------------+------------------------------------+


+------------------------------------------------------------------------------------+
; Flow OS Summary                                                                    ;
+----------------------+------------------+------------+------------+----------------+
; Module Name          ; Machine Hostname ; OS Name    ; OS Version ; Processor type ;
+----------------------+------------------+------------+------------+----------------+
; Analysis & Synthesis ; DESKTOP-OTDAAGQ  ; Windows 10 ; 10.0       ; x86_64         ;
; Fitter               ; DESKTOP-OTDAAGQ  ; Windows 10 ; 10.0       ; x86_64         ;
; Assembler            ; DESKTOP-OTDAAGQ  ; Windows 10 ; 10.0       ; x86_64         ;
; Timing Analyzer      ; DESKTOP-OTDAAGQ  ; Windows 10 ; 10.0       ; x86_64         ;
+----------------------+------------------+------------+------------+----------------+


------------
; Flow Log ;
------------
quartus_map --read_settings_files=on --write_settings_files=off DE2_115_TV -c DE2_115_TV
quartus_fit --read_settings_files=off --write_settings_files=off DE2_115_TV -c DE2_115_TV
quartus_asm --read_settings_files=off --write_settings_files=off DE2_115_TV -c DE2_115_TV
quartus_sta DE2_115_TV -c DE2_115_TV



