Info: Starting: Create block symbol file (.bsf)
Info: qsys-generate C:\KBSESA2\Qsys\nios2.qsys --block-symbol-file --output-directory=C:\KBSESA2\Qsys\nios2 --family="Cyclone IV E" --part=EP4CE115F29C7
Progress: Loading Qsys/nios2.qsys
Progress: Reading input file
Progress: Adding clk_0 [clock_source 16.1]
Progress: Parameterizing module clk_0
Progress: Adding jtag_uart_0 [altera_avalon_jtag_uart 16.1]
Progress: Parameterizing module jtag_uart_0
Progress: Adding leds [altera_avalon_pio 16.1]
Progress: Parameterizing module leds
Progress: Adding nios2_gen2_0 [altera_nios2_gen2 16.1]
Progress: Parameterizing module nios2_gen2_0
Progress: Adding onchip_memory2_0 [altera_avalon_onchip_memory2 16.1]
Progress: Parameterizing module onchip_memory2_0
Progress: Adding switches [altera_avalon_pio 16.1]
Progress: Parameterizing module switches
Progress: Building connections
Progress: Parameterizing connections
Progress: Validating
Progress: Done reading input file
Info: nios2.jtag_uart_0: JTAG UART IP input clock need to be at least double (2x) the operating frequency of JTAG TCK on board
Info: nios2.switches: PIO inputs are not hardwired in test bench. Undefined values will be read from PIO inputs during simulation.
Info: qsys-generate succeeded.
Info: Finished: Create block symbol file (.bsf)
Info: 
Info: Starting: Create HDL design files for synthesis
Info: qsys-generate C:\KBSESA2\Qsys\nios2.qsys --synthesis=VHDL --output-directory=C:\KBSESA2\Qsys\nios2\synthesis --family="Cyclone IV E" --part=EP4CE115F29C7
Progress: Loading Qsys/nios2.qsys
Progress: Reading input file
Progress: Adding clk_0 [clock_source 16.1]
Progress: Parameterizing module clk_0
Progress: Adding jtag_uart_0 [altera_avalon_jtag_uart 16.1]
Progress: Parameterizing module jtag_uart_0
Progress: Adding leds [altera_avalon_pio 16.1]
Progress: Parameterizing module leds
Progress: Adding nios2_gen2_0 [altera_nios2_gen2 16.1]
Progress: Parameterizing module nios2_gen2_0
Progress: Adding onchip_memory2_0 [altera_avalon_onchip_memory2 16.1]
Progress: Parameterizing module onchip_memory2_0
Progress: Adding switches [altera_avalon_pio 16.1]
Progress: Parameterizing module switches
Progress: Building connections
Progress: Parameterizing connections
Progress: Validating
Progress: Done reading input file
Info: nios2.jtag_uart_0: JTAG UART IP input clock need to be at least double (2x) the operating frequency of JTAG TCK on board
Info: nios2.switches: PIO inputs are not hardwired in test bench. Undefined values will be read from PIO inputs during simulation.
Info: nios2: Generating nios2 "nios2" for QUARTUS_SYNTH
Info: jtag_uart_0: Starting RTL generation for module 'nios2_jtag_uart_0'
Info: jtag_uart_0:   Generation command is [exec D:/intelfpga_lite/16.1/quartus/bin64/perl/bin/perl.exe -I D:/intelfpga_lite/16.1/quartus/bin64/perl/lib -I D:/intelfpga_lite/16.1/quartus/sopc_builder/bin/europa -I D:/intelfpga_lite/16.1/quartus/sopc_builder/bin/perl_lib -I D:/intelfpga_lite/16.1/quartus/sopc_builder/bin -I D:/intelfpga_lite/16.1/quartus/../ip/altera/sopc_builder_ip/common -I D:/intelfpga_lite/16.1/quartus/../ip/altera/sopc_builder_ip/altera_avalon_jtag_uart -- D:/intelfpga_lite/16.1/quartus/../ip/altera/sopc_builder_ip/altera_avalon_jtag_uart/generate_rtl.pl --name=nios2_jtag_uart_0 --dir=C:/Users/leonh/AppData/Local/Temp/alt8003_6449137543830305747.dir/0001_jtag_uart_0_gen/ --quartus_dir=D:/intelfpga_lite/16.1/quartus --verilog --config=C:/Users/leonh/AppData/Local/Temp/alt8003_6449137543830305747.dir/0001_jtag_uart_0_gen//nios2_jtag_uart_0_component_configuration.pl  --do_build_sim=0  ]
Info: jtag_uart_0: Done RTL generation for module 'nios2_jtag_uart_0'
Info: jtag_uart_0: "nios2" instantiated altera_avalon_jtag_uart "jtag_uart_0"
Info: leds: Starting RTL generation for module 'nios2_leds'
Info: leds:   Generation command is [exec D:/intelfpga_lite/16.1/quartus/bin64/perl/bin/perl.exe -I D:/intelfpga_lite/16.1/quartus/bin64/perl/lib -I D:/intelfpga_lite/16.1/quartus/sopc_builder/bin/europa -I D:/intelfpga_lite/16.1/quartus/sopc_builder/bin/perl_lib -I D:/intelfpga_lite/16.1/quartus/sopc_builder/bin -I D:/intelfpga_lite/16.1/quartus/../ip/altera/sopc_builder_ip/common -I D:/intelfpga_lite/16.1/quartus/../ip/altera/sopc_builder_ip/altera_avalon_pio -- D:/intelfpga_lite/16.1/quartus/../ip/altera/sopc_builder_ip/altera_avalon_pio/generate_rtl.pl --name=nios2_leds --dir=C:/Users/leonh/AppData/Local/Temp/alt8003_6449137543830305747.dir/0002_leds_gen/ --quartus_dir=D:/intelfpga_lite/16.1/quartus --verilog --config=C:/Users/leonh/AppData/Local/Temp/alt8003_6449137543830305747.dir/0002_leds_gen//nios2_leds_component_configuration.pl  --do_build_sim=0  ]
Info: leds: Done RTL generation for module 'nios2_leds'
Info: leds: "nios2" instantiated altera_avalon_pio "leds"
Info: nios2_gen2_0: "nios2" instantiated altera_nios2_gen2 "nios2_gen2_0"
Info: onchip_memory2_0: Starting RTL generation for module 'nios2_onchip_memory2_0'
Info: onchip_memory2_0:   Generation command is [exec D:/intelfpga_lite/16.1/quartus/bin64/perl/bin/perl.exe -I D:/intelfpga_lite/16.1/quartus/bin64/perl/lib -I D:/intelfpga_lite/16.1/quartus/sopc_builder/bin/europa -I D:/intelfpga_lite/16.1/quartus/sopc_builder/bin/perl_lib -I D:/intelfpga_lite/16.1/quartus/sopc_builder/bin -I D:/intelfpga_lite/16.1/quartus/../ip/altera/sopc_builder_ip/common -I D:/intelfpga_lite/16.1/quartus/../ip/altera/sopc_builder_ip/altera_avalon_onchip_memory2 -- D:/intelfpga_lite/16.1/quartus/../ip/altera/sopc_builder_ip/altera_avalon_onchip_memory2/generate_rtl.pl --name=nios2_onchip_memory2_0 --dir=C:/Users/leonh/AppData/Local/Temp/alt8003_6449137543830305747.dir/0003_onchip_memory2_0_gen/ --quartus_dir=D:/intelfpga_lite/16.1/quartus --verilog --config=C:/Users/leonh/AppData/Local/Temp/alt8003_6449137543830305747.dir/0003_onchip_memory2_0_gen//nios2_onchip_memory2_0_component_configuration.pl  --do_build_sim=0  ]
Info: onchip_memory2_0: Done RTL generation for module 'nios2_onchip_memory2_0'
Info: onchip_memory2_0: "nios2" instantiated altera_avalon_onchip_memory2 "onchip_memory2_0"
Info: switches: Starting RTL generation for module 'nios2_switches'
Info: switches:   Generation command is [exec D:/intelfpga_lite/16.1/quartus/bin64/perl/bin/perl.exe -I D:/intelfpga_lite/16.1/quartus/bin64/perl/lib -I D:/intelfpga_lite/16.1/quartus/sopc_builder/bin/europa -I D:/intelfpga_lite/16.1/quartus/sopc_builder/bin/perl_lib -I D:/intelfpga_lite/16.1/quartus/sopc_builder/bin -I D:/intelfpga_lite/16.1/quartus/../ip/altera/sopc_builder_ip/common -I D:/intelfpga_lite/16.1/quartus/../ip/altera/sopc_builder_ip/altera_avalon_pio -- D:/intelfpga_lite/16.1/quartus/../ip/altera/sopc_builder_ip/altera_avalon_pio/generate_rtl.pl --name=nios2_switches --dir=C:/Users/leonh/AppData/Local/Temp/alt8003_6449137543830305747.dir/0004_switches_gen/ --quartus_dir=D:/intelfpga_lite/16.1/quartus --verilog --config=C:/Users/leonh/AppData/Local/Temp/alt8003_6449137543830305747.dir/0004_switches_gen//nios2_switches_component_configuration.pl  --do_build_sim=0  ]
Info: switches: Done RTL generation for module 'nios2_switches'
Info: switches: "nios2" instantiated altera_avalon_pio "switches"
Info: avalon_st_adapter: Inserting error_adapter: error_adapter_0
Info: avalon_st_adapter_001: Inserting error_adapter: error_adapter_0
Info: avalon_st_adapter_002: Inserting error_adapter: error_adapter_0
Info: avalon_st_adapter_003: Inserting error_adapter: error_adapter_0
Info: avalon_st_adapter_004: Inserting error_adapter: error_adapter_0
Info: mm_interconnect_0: "nios2" instantiated altera_mm_interconnect "mm_interconnect_0"
Info: irq_mapper: "nios2" instantiated altera_irq_mapper "irq_mapper"
Info: rst_controller: "nios2" instantiated altera_reset_controller "rst_controller"
Info: cpu: Starting RTL generation for module 'nios2_nios2_gen2_0_cpu'
Info: cpu:   Generation command is [exec D:/intelFPGA_lite/16.1/quartus/bin64//eperlcmd.exe -I D:/intelFPGA_lite/16.1/quartus/bin64//perl/lib -I D:/intelfpga_lite/16.1/quartus/sopc_builder/bin/europa -I D:/intelfpga_lite/16.1/quartus/sopc_builder/bin/perl_lib -I D:/intelfpga_lite/16.1/quartus/sopc_builder/bin -I D:/intelfpga_lite/16.1/quartus/../ip/altera/nios2_ip/altera_nios2_gen2/cpu_lib -I D:/intelfpga_lite/16.1/quartus/../ip/altera/nios2_ip/altera_nios2_gen2/nios_lib -I D:/intelfpga_lite/16.1/quartus/../ip/altera/nios2_ip/altera_nios2_gen2 -I D:/intelfpga_lite/16.1/quartus/../ip/altera/nios2_ip/altera_nios2_gen2 -- D:/intelfpga_lite/16.1/quartus/../ip/altera/nios2_ip/altera_nios2_gen2/generate_rtl.epl --name=nios2_nios2_gen2_0_cpu --dir=C:/Users/leonh/AppData/Local/Temp/alt8003_6449137543830305747.dir/0007_cpu_gen/ --quartus_bindir=D:/intelFPGA_lite/16.1/quartus/bin64/ --verilog --config=C:/Users/leonh/AppData/Local/Temp/alt8003_6449137543830305747.dir/0007_cpu_gen//nios2_nios2_gen2_0_cpu_processor_configuration.pl  --do_build_sim=0  ]
Info: cpu: # 2019.04.17 14:38:22 (*) Starting Nios II generation
Info: cpu: # 2019.04.17 14:38:22 (*)   Checking for plaintext license.
Info: cpu: # 2019.04.17 14:38:24 (*)   Couldn't query license setup in Quartus directory D:/intelFPGA_lite/16.1/quartus/bin64/
Info: cpu: # 2019.04.17 14:38:24 (*)   Defaulting to contents of LM_LICENSE_FILE environment variable
Info: cpu: # 2019.04.17 14:38:24 (*)   LM_LICENSE_FILE environment variable is empty
Info: cpu: # 2019.04.17 14:38:24 (*)   Plaintext license not found.
Info: cpu: # 2019.04.17 14:38:24 (*)   No license required to generate encrypted Nios II/e.
Info: cpu: # 2019.04.17 14:38:24 (*)   Elaborating CPU configuration settings
Info: cpu: # 2019.04.17 14:38:24 (*)   Creating all objects for CPU
Info: cpu: # 2019.04.17 14:38:25 (*)   Generating RTL from CPU objects
Info: cpu: # 2019.04.17 14:38:25 (*)   Creating plain-text RTL
Info: cpu: # 2019.04.17 14:38:26 (*) Done Nios II generation
Info: cpu: Done RTL generation for module 'nios2_nios2_gen2_0_cpu'
Info: cpu: "nios2_gen2_0" instantiated altera_nios2_gen2_unit "cpu"
Info: nios2_gen2_0_data_master_translator: "mm_interconnect_0" instantiated altera_merlin_master_translator "nios2_gen2_0_data_master_translator"
Info: jtag_uart_0_avalon_jtag_slave_translator: "mm_interconnect_0" instantiated altera_merlin_slave_translator "jtag_uart_0_avalon_jtag_slave_translator"
Info: nios2_gen2_0_data_master_agent: "mm_interconnect_0" instantiated altera_merlin_master_agent "nios2_gen2_0_data_master_agent"
Info: jtag_uart_0_avalon_jtag_slave_agent: "mm_interconnect_0" instantiated altera_merlin_slave_agent "jtag_uart_0_avalon_jtag_slave_agent"
Info: jtag_uart_0_avalon_jtag_slave_agent_rsp_fifo: "mm_interconnect_0" instantiated altera_avalon_sc_fifo "jtag_uart_0_avalon_jtag_slave_agent_rsp_fifo"
Info: router: "mm_interconnect_0" instantiated altera_merlin_router "router"
Info: router_001: "mm_interconnect_0" instantiated altera_merlin_router "router_001"
Info: router_002: "mm_interconnect_0" instantiated altera_merlin_router "router_002"
Info: router_003: "mm_interconnect_0" instantiated altera_merlin_router "router_003"
Info: cmd_demux: "mm_interconnect_0" instantiated altera_merlin_demultiplexer "cmd_demux"
Info: cmd_demux_001: "mm_interconnect_0" instantiated altera_merlin_demultiplexer "cmd_demux_001"
Info: cmd_mux: "mm_interconnect_0" instantiated altera_merlin_multiplexer "cmd_mux"
Info: cmd_mux_001: "mm_interconnect_0" instantiated altera_merlin_multiplexer "cmd_mux_001"
Info: Reusing file C:/KBSESA2/Qsys/nios2/synthesis/submodules/altera_merlin_arbitrator.sv
Info: rsp_demux: "mm_interconnect_0" instantiated altera_merlin_demultiplexer "rsp_demux"
Info: rsp_mux: "mm_interconnect_0" instantiated altera_merlin_multiplexer "rsp_mux"
Info: Reusing file C:/KBSESA2/Qsys/nios2/synthesis/submodules/altera_merlin_arbitrator.sv
Info: rsp_mux_001: "mm_interconnect_0" instantiated altera_merlin_multiplexer "rsp_mux_001"
Info: Reusing file C:/KBSESA2/Qsys/nios2/synthesis/submodules/altera_merlin_arbitrator.sv
Info: avalon_st_adapter: "mm_interconnect_0" instantiated altera_avalon_st_adapter "avalon_st_adapter"
Info: error_adapter_0: "avalon_st_adapter" instantiated error_adapter "error_adapter_0"
Info: nios2: Done "nios2" with 28 modules, 41 files
Info: qsys-generate succeeded.
Info: Finished: Create HDL design files for synthesis
